生成启动时间为 2024/2/23 15:16:40。
     1>项目“D:\Study\C\C-Study\test_14\test_14\test_14.vcxproj”在节点 2 上(build 个目标)。
     1>PrepareForBuild:
         正在创建目录“D:\Study\C\C-Study\test_14\Debug\”。
       InitializeBuildStatus:
         正在创建“Debug\test_14.unsuccessfulbuild”，因为已指定“AlwaysCreate”。
       ClCompile:
         d:\Software\MicroSoftVisualStudio2010\VC\bin\CL.exe /c /ZI /nologo /W3 /WX- /Od /Oy- /D _MBCS /Gm /EHsc /RTC1 /MDd /GS /fp:precise /Zc:wchar_t /Zc:forScope /Fo"Debug\\" /Fd"Debug\vc100.pdb" /Gd /TC /analyze- /errorReport:prompt test.c
         test.c
       Link:
         d:\Software\MicroSoftVisualStudio2010\VC\bin\link.exe /ERRORREPORT:PROMPT /OUT:"D:\Study\C\C-Study\test_14\Debug\test_14.exe" /NOLOGO kernel32.lib user32.lib gdi32.lib winspool.lib comdlg32.lib advapi32.lib shell32.lib ole32.lib oleaut32.lib uuid.lib odbc32.lib odbccp32.lib /MANIFEST /ManifestFile:"Debug\test_14.exe.intermediate.manifest" /MANIFESTUAC:"level='asInvoker' uiAccess='false'" /DEBUG /PDB:"D:\Study\C\C-Study\test_14\Debug\test_14.pdb" /SUBSYSTEM:CONSOLE /TLBID:1 /DYNAMICBASE /NXCOMPAT /IMPLIB:"D:\Study\C\C-Study\test_14\Debug\test_14.lib" /MACHINE:X86 Debug\test.obj
     1>MSVCRTD.lib(crtexe.obj) : error LNK2019: 无法解析的外部符号 _main，该符号在函数 ___tmainCRTStartup 中被引用
     1>D:\Study\C\C-Study\test_14\Debug\test_14.exe : fatal error LNK1120: 1 个无法解析的外部命令
     1>已完成生成项目“D:\Study\C\C-Study\test_14\test_14\test_14.vcxproj”(build 个目标)的操作 - 失败。

生成失败。

已用时间 00:00:00.65
